2022-09-29T15:14:29.352620-05:00 - input args["target/release/comp_profiler", "./data/randomwalkdatasample1k-1k", "buff-simd", "10000", "1.1509"]
2022-09-29T15:14:29.394391-05:00 - original size:4000000
2022-09-29T15:14:29.394426-05:00 - compressed size:1437520
2022-09-29T15:19:56.730589-05:00 - input args["target/release/comp_profiler"]
2022-09-29T15:20:48.062733-05:00 - input args["target/release/comp_profiler", "./data/randomwalkdatasample1k-1k", "buff-simd", "10000", "1.1509"]
2022-09-29T15:20:48.103731-05:00 - original size:4000000
2022-09-29T15:20:48.103771-05:00 - compressed size:1437520
2022-09-29T15:21:53.415669-05:00 - input args["target/release/comp_profiler", "./data/randomwalkdatasample1k-1k", "buff", "10000", "1.1509"]
2022-09-29T15:21:53.454209-05:00 - original size:4000000
2022-09-29T15:21:53.454251-05:00 - compressed size:1437520
2022-09-29T15:36:16.253020-05:00 - input args["target/release/comp_profiler", "./data/randomwalkdatasample1k-1k", "buff"]
2022-09-29T15:36:31.411583-05:00 - input args["target/release/comp_profiler", "./data/randomwalkdatasample1k-1k", "buff", "10000", "1.1509"]
2022-09-29T15:36:31.452157-05:00 - original size:4000000
2022-09-29T15:36:31.452187-05:00 - compressed size:1437520
2022-09-29T15:38:14.485109-05:00 - input args["target/release/comp_profiler", "./data/randomwalkdatasample1k-1k", "buff", "10000", "1.1509"]
2022-09-29T15:38:14.525302-05:00 - original size:4000000
2022-09-29T15:38:14.525332-05:00 - compressed size:1437520
2022-09-29T15:39:42.095482-05:00 - input args["target/release/comp_profiler", "./data/randomwalkdatasample1k-1k", "buff-simd", "10000", "1.1509"]
2022-09-29T15:39:42.136085-05:00 - original size:4000000
2022-09-29T15:39:42.136118-05:00 - compressed size:1437520
2022-09-29T17:33:20.808796-05:00 - input args["target/release/comp_profiler", "./data/randomwalkdatasample1k-1k", "buff-simd", "10000", "1.1509"]
2022-09-29T17:33:20.850294-05:00 - original size:4000000
2022-09-29T17:33:20.850324-05:00 - compressed size:1437520
2022-09-30T16:02:44.478478-05:00 - input args["target/release/comp_profiler", "../../datasets/sensor_ht.npy", "buff-simd", "1000000", "1.1509"]
2022-09-30T16:02:44.923930-05:00 - original size:16
2022-09-30T16:02:44.923960-05:00 - compressed size:26
2022-09-30T16:04:07.068986-05:00 - input args["target/release/comp_profiler", "../../datasets/sensor_ht.npy", "buff-simd", "1000000", "1.1509"]
2022-09-30T16:04:07.139912-05:00 - original size:16
2022-09-30T16:04:07.139942-05:00 - compressed size:26
2022-09-30T16:04:08.383066-05:00 - input args["target/release/comp_profiler", "../../datasets/phones_gyroscope.npy", "buff-simd", "1000000", "1.1509"]
2022-09-30T16:04:08.396594-05:00 - original size:0
2022-09-30T16:04:08.396622-05:00 - compressed size:20
2022-09-30T16:04:09.774215-05:00 - input args["target/release/comp_profiler", "../../datasets/watch_gyroscope.npy", "buff-simd", "1000000", "1.1509"]
2022-09-30T16:04:09.845917-05:00 - original size:0
2022-09-30T16:04:09.845984-05:00 - compressed size:20
2022-09-30T16:04:11.406324-05:00 - input args["target/release/comp_profiler", "../../datasets/watch_accelerometer.npy", "buff-simd", "1000000", "1.1509"]
2022-09-30T16:04:11.567451-05:00 - original size:0
2022-09-30T16:04:11.567486-05:00 - compressed size:20
2022-09-30T16:04:13.841691-05:00 - input args["target/release/comp_profiler", "../../datasets/phones_accelerometer.npy", "buff-simd", "1000000", "1.1509"]
2022-09-30T16:04:14.192925-05:00 - original size:0
2022-09-30T16:04:14.192965-05:00 - compressed size:20
2022-09-30T16:04:17.910593-05:00 - input args["target/release/comp_profiler", "../../datasets/bitcoin.npy", "buff-simd", "1000000", "1.1509"]
2022-09-30T16:04:18.040810-05:00 - original size:8
2022-09-30T16:04:18.040843-05:00 - compressed size:28
2022-09-30T16:04:20.772096-05:00 - input args["target/release/comp_profiler", "../../datasets/power.npy", "buff-simd", "1000000", "1.1509"]
2022-09-30T16:04:20.973692-05:00 - original size:0
2022-09-30T16:04:20.973727-05:00 - compressed size:20
2022-09-30T16:05:38.764669-05:00 - input args["target/release/comp_profiler", "../../datasets/sensor_ht.npy", "buff-simd", "1000000", "1.1509"]
2022-09-30T16:05:38.835995-05:00 - original size:16
2022-09-30T16:05:38.836020-05:00 - compressed size:26
2022-09-30T16:05:40.072717-05:00 - input args["target/release/comp_profiler", "../../datasets/phones_gyroscope.npy", "buff-simd", "1000000", "1.1509"]
2022-09-30T16:05:40.088584-05:00 - original size:0
2022-09-30T16:05:40.088611-05:00 - compressed size:20
2022-09-30T16:05:41.365332-05:00 - input args["target/release/comp_profiler", "../../datasets/watch_gyroscope.npy", "buff-simd", "1000000", "1.1509"]
2022-09-30T16:05:41.446468-05:00 - original size:0
2022-09-30T16:05:41.446507-05:00 - compressed size:20
2022-09-30T16:05:42.821019-05:00 - input args["target/release/comp_profiler", "../../datasets/watch_accelerometer.npy", "buff-simd", "1000000", "1.1509"]
2022-09-30T16:05:42.975631-05:00 - original size:0
2022-09-30T16:05:42.975666-05:00 - compressed size:20
2022-09-30T16:05:45.233867-05:00 - input args["target/release/comp_profiler", "../../datasets/phones_accelerometer.npy", "buff-simd", "1000000", "1.1509"]
2022-09-30T16:05:45.576979-05:00 - original size:0
2022-09-30T16:05:45.577017-05:00 - compressed size:20
2022-09-30T16:05:49.316044-05:00 - input args["target/release/comp_profiler", "../../datasets/bitcoin.npy", "buff-simd", "1000000", "1.1509"]
2022-09-30T16:05:49.403987-05:00 - original size:8
2022-09-30T16:05:49.404016-05:00 - compressed size:28
2022-09-30T16:05:51.839140-05:00 - input args["target/release/comp_profiler", "../../datasets/power.npy", "buff-simd", "1000000", "1.1509"]
2022-09-30T16:05:52.030635-05:00 - original size:0
2022-09-30T16:05:52.030669-05:00 - compressed size:20
2022-09-30T16:07:07.201151-05:00 - input args["target/release/comp_profiler", "../../datasets/sensor_ht.npy", "buff-simd", "1000000", "1.1509"]
2022-09-30T16:07:07.284273-05:00 - original size:16
2022-09-30T16:07:07.284391-05:00 - compressed size:26
2022-09-30T16:07:08.743660-05:00 - input args["target/release/comp_profiler", "../../datasets/phones_gyroscope.npy", "buff-simd", "1000000", "1.1509"]
2022-09-30T16:07:08.757709-05:00 - original size:0
2022-09-30T16:07:08.757739-05:00 - compressed size:20
2022-09-30T16:07:10.319217-05:00 - input args["target/release/comp_profiler", "../../datasets/watch_gyroscope.npy", "buff-simd", "1000000", "1.1509"]
2022-09-30T16:07:10.403065-05:00 - original size:0
2022-09-30T16:07:10.403099-05:00 - compressed size:20
2022-09-30T16:07:12.516086-05:00 - input args["target/release/comp_profiler", "../../datasets/watch_accelerometer.npy", "buff-simd", "1000000", "1.1509"]
2022-09-30T16:07:12.661734-05:00 - original size:0
2022-09-30T16:07:12.661768-05:00 - compressed size:20
2022-09-30T16:07:14.623673-05:00 - input args["target/release/comp_profiler", "../../datasets/phones_accelerometer.npy", "buff-simd", "1000000", "1.1509"]
2022-09-30T16:07:14.949682-05:00 - original size:0
2022-09-30T16:07:14.949713-05:00 - compressed size:20
2022-09-30T16:07:18.691181-05:00 - input args["target/release/comp_profiler", "../../datasets/bitcoin.npy", "buff-simd", "1000000", "1.1509"]
2022-09-30T16:07:18.781650-05:00 - original size:8
2022-09-30T16:07:18.781683-05:00 - compressed size:28
2022-09-30T16:07:21.890578-05:00 - input args["target/release/comp_profiler", "../../datasets/power.npy", "buff-simd", "1000000", "1.1509"]
2022-09-30T16:07:22.148686-05:00 - original size:0
2022-09-30T16:07:22.148719-05:00 - compressed size:20
2022-09-30T16:14:42.459915-05:00 - input args["target/release/comp_profiler", "../../datasets/sensor_ht.npy", "buff-simd", "1000000", "1.1509"]
2022-09-30T16:14:42.549755-05:00 - original size:16
2022-09-30T16:14:42.549785-05:00 - compressed size:26
2022-09-30T16:14:47.322954-05:00 - input args["target/release/comp_profiler", "../../datasets/phones_gyroscope.npy", "buff-simd", "1000000", "1.1509"]
2022-09-30T16:14:47.352866-05:00 - original size:0
2022-09-30T16:14:47.352917-05:00 - compressed size:20
2022-09-30T16:14:49.690120-05:00 - input args["target/release/comp_profiler", "../../datasets/watch_gyroscope.npy", "buff-simd", "1000000", "1.1509"]
2022-09-30T16:14:49.779040-05:00 - original size:0
2022-09-30T16:14:49.779069-05:00 - compressed size:20
2022-09-30T16:14:51.753578-05:00 - input args["target/release/comp_profiler", "../../datasets/watch_accelerometer.npy", "buff-simd", "1000000", "1.1509"]
2022-09-30T16:14:51.914841-05:00 - original size:0
2022-09-30T16:14:51.914879-05:00 - compressed size:20
2022-09-30T16:14:55.343639-05:00 - input args["target/release/comp_profiler", "../../datasets/phones_accelerometer.npy", "buff-simd", "1000000", "1.1509"]
2022-09-30T16:14:56.307745-05:00 - original size:0
2022-09-30T16:14:56.307784-05:00 - compressed size:20
2022-09-30T16:15:06.531565-05:00 - input args["target/release/comp_profiler", "../../datasets/bitcoin.npy", "buff-simd", "1000000", "1.1509"]
2022-09-30T16:15:06.644913-05:00 - original size:8
2022-09-30T16:15:06.644945-05:00 - compressed size:28
2022-09-30T16:15:09.764638-05:00 - input args["target/release/comp_profiler", "../../datasets/power.npy", "buff-simd", "1000000", "1.1509"]
2022-09-30T16:15:09.967633-05:00 - original size:0
2022-09-30T16:15:09.967673-05:00 - compressed size:20
2022-09-30T16:16:12.288271-05:00 - input args["target/release/comp_profiler", "../../datasets/sensor_ht.npy", "buff-simd", "1000", "1.1509"]
2022-09-30T16:16:12.365025-05:00 - original size:16
2022-09-30T16:16:12.365058-05:00 - compressed size:23
2022-09-30T16:16:14.753684-05:00 - input args["target/release/comp_profiler", "../../datasets/phones_gyroscope.npy", "buff-simd", "1000", "1.1509"]
2022-09-30T16:16:14.774751-05:00 - original size:0
2022-09-30T16:16:14.774851-05:00 - compressed size:20
2022-09-30T16:16:16.182393-05:00 - input args["target/release/comp_profiler", "../../datasets/watch_gyroscope.npy", "buff-simd", "1000", "1.1509"]
2022-09-30T16:16:16.259660-05:00 - original size:0
2022-09-30T16:16:16.259693-05:00 - compressed size:20
2022-09-30T16:16:17.601593-05:00 - input args["target/release/comp_profiler", "../../datasets/watch_accelerometer.npy", "buff-simd", "1000", "1.1509"]
2022-09-30T16:16:17.736215-05:00 - original size:0
2022-09-30T16:16:17.736247-05:00 - compressed size:20
2022-09-30T16:16:19.590998-05:00 - input args["target/release/comp_profiler", "../../datasets/phones_accelerometer.npy", "buff-simd", "1000", "1.1509"]
2022-09-30T16:16:19.914816-05:00 - original size:0
2022-09-30T16:16:19.914850-05:00 - compressed size:20
2022-09-30T16:16:23.652125-05:00 - input args["target/release/comp_profiler", "../../datasets/bitcoin.npy", "buff-simd", "1000", "1.1509"]
2022-09-30T16:16:23.752707-05:00 - original size:8
2022-09-30T16:16:23.752739-05:00 - compressed size:28
2022-09-30T16:16:26.411543-05:00 - input args["target/release/comp_profiler", "../../datasets/power.npy", "buff-simd", "1000", "1.1509"]
2022-09-30T16:16:26.656086-05:00 - original size:0
2022-09-30T16:16:26.656129-05:00 - compressed size:20
2022-09-30T16:22:43.618594-05:00 - input args["target/release/comp_profiler", "../../datasets/sensor_ht.npy", "buff-simd", "1000", "1.1509"]
2022-09-30T16:22:43.755787-05:00 - original size:16
2022-09-30T16:22:43.755831-05:00 - compressed size:23
2022-09-30T16:22:47.706719-05:00 - input args["target/release/comp_profiler", "../../datasets/phones_gyroscope.npy", "buff-simd", "1000", "1.1509"]
2022-09-30T16:22:47.721282-05:00 - original size:0
2022-09-30T16:22:47.721307-05:00 - compressed size:20
2022-09-30T16:22:49.747748-05:00 - input args["target/release/comp_profiler", "../../datasets/watch_gyroscope.npy", "buff-simd", "1000", "1.1509"]
2022-09-30T16:22:49.844885-05:00 - original size:0
2022-09-30T16:22:49.844920-05:00 - compressed size:20
2022-09-30T16:22:51.659008-05:00 - input args["target/release/comp_profiler", "../../datasets/watch_accelerometer.npy", "buff-simd", "1000", "1.1509"]
2022-09-30T16:22:51.796131-05:00 - original size:0
2022-09-30T16:22:51.796164-05:00 - compressed size:20
2022-09-30T16:22:53.936771-05:00 - input args["target/release/comp_profiler", "../../datasets/phones_accelerometer.npy", "buff-simd", "1000", "1.1509"]
2022-09-30T16:22:54.292932-05:00 - original size:0
2022-09-30T16:22:54.292992-05:00 - compressed size:20
2022-09-30T16:23:03.405969-05:00 - input args["target/release/comp_profiler", "../../datasets/bitcoin.npy", "buff-simd", "1000", "1.1509"]
2022-09-30T16:23:03.521772-05:00 - original size:8
2022-09-30T16:23:03.521812-05:00 - compressed size:28
2022-09-30T16:23:08.686302-05:00 - input args["target/release/comp_profiler", "../../datasets/power.npy", "buff-simd", "1000", "1.1509"]
2022-09-30T16:23:08.981246-05:00 - original size:0
2022-09-30T16:23:08.981283-05:00 - compressed size:20
2022-09-30T16:25:02.733646-05:00 - input args["target/release/comp_profiler", "../../datasets/sensor_ht.npy", "buff-simd", "1000000", "1.1509"]
2022-09-30T16:25:02.824266-05:00 - original size:16
2022-09-30T16:25:02.824302-05:00 - compressed size:26
2022-09-30T16:25:05.334406-05:00 - input args["target/release/comp_profiler", "../../datasets/phones_gyroscope.npy", "buff-simd", "1000000", "1.1509"]
2022-09-30T16:25:05.355669-05:00 - original size:0
2022-09-30T16:25:05.355697-05:00 - compressed size:20
2022-09-30T16:25:07.950029-05:00 - input args["target/release/comp_profiler", "../../datasets/watch_gyroscope.npy", "buff-simd", "1000000", "1.1509"]
2022-09-30T16:25:08.065613-05:00 - original size:0
2022-09-30T16:25:08.065658-05:00 - compressed size:20
2022-09-30T16:25:10.368482-05:00 - input args["target/release/comp_profiler", "../../datasets/watch_accelerometer.npy", "buff-simd", "1000000", "1.1509"]
2022-09-30T16:25:10.515817-05:00 - original size:0
2022-09-30T16:25:10.515858-05:00 - compressed size:20
2022-09-30T16:25:12.759208-05:00 - input args["target/release/comp_profiler", "../../datasets/phones_accelerometer.npy", "buff-simd", "1000000", "1.1509"]
2022-09-30T16:25:13.230396-05:00 - original size:0
2022-09-30T16:25:13.230437-05:00 - compressed size:20
2022-09-30T16:25:23.720901-05:00 - input args["target/release/comp_profiler", "../../datasets/bitcoin.npy", "buff-simd", "1000000", "1.1509"]
2022-09-30T16:25:23.864053-05:00 - original size:8
2022-09-30T16:25:23.864095-05:00 - compressed size:28
2022-09-30T16:25:31.177752-05:00 - input args["target/release/comp_profiler", "../../datasets/power.npy", "buff-simd", "1000000", "1.1509"]
2022-09-30T16:25:31.811673-05:00 - original size:0
2022-09-30T16:25:31.811727-05:00 - compressed size:20
2022-09-30T16:29:03.261944-05:00 - input args["target/release/comp_profiler", "../../datasets/sensor_ht.npy", "buff-simd", "1000000", "1.1509"]
2022-09-30T16:29:03.341013-05:00 - original size:16
2022-09-30T16:29:03.341044-05:00 - compressed size:26
2022-09-30T16:29:04.802087-05:00 - input args["target/release/comp_profiler", "../../datasets/phones_gyroscope.npy", "buff-simd", "1000000", "1.1509"]
2022-09-30T16:29:04.816487-05:00 - original size:0
2022-09-30T16:29:04.816513-05:00 - compressed size:20
2022-09-30T16:29:06.394298-05:00 - input args["target/release/comp_profiler", "../../datasets/watch_gyroscope.npy", "buff-simd", "1000000", "1.1509"]
2022-09-30T16:29:06.468845-05:00 - original size:0
2022-09-30T16:29:06.468876-05:00 - compressed size:20
2022-09-30T16:29:08.061851-05:00 - input args["target/release/comp_profiler", "../../datasets/watch_accelerometer.npy", "buff-simd", "1000000", "1.1509"]
2022-09-30T16:29:08.237054-05:00 - original size:0
2022-09-30T16:29:08.237090-05:00 - compressed size:20
2022-09-30T16:29:10.539340-05:00 - input args["target/release/comp_profiler", "../../datasets/phones_accelerometer.npy", "buff-simd", "1000000", "1.1509"]
2022-09-30T16:29:10.913212-05:00 - original size:0
2022-09-30T16:29:10.913250-05:00 - compressed size:20
2022-09-30T16:29:15.182025-05:00 - input args["target/release/comp_profiler", "../../datasets/bitcoin.npy", "buff-simd", "1000000", "1.1509"]
2022-09-30T16:29:15.286458-05:00 - original size:8
2022-09-30T16:29:15.286492-05:00 - compressed size:28
2022-09-30T16:29:18.660634-05:00 - input args["target/release/comp_profiler", "../../datasets/power.npy", "buff-simd", "1000000", "1.1509"]
2022-09-30T16:29:18.885327-05:00 - original size:0
2022-09-30T16:29:18.885363-05:00 - compressed size:20
2022-09-30T16:31:01.735970-05:00 - input args["target/release/comp_profiler", "../../datasets/sensor_ht.npy", "buff-simd", "1000000", "1.1509"]
2022-09-30T16:31:01.804775-05:00 - original size:16
2022-09-30T16:31:01.804803-05:00 - compressed size:26
2022-09-30T16:31:03.294897-05:00 - input args["target/release/comp_profiler", "../../datasets/phones_gyroscope.npy", "buff-simd", "1000000", "1.1509"]
2022-09-30T16:31:03.308650-05:00 - original size:0
2022-09-30T16:31:03.308678-05:00 - compressed size:20
2022-09-30T16:31:04.596587-05:00 - input args["target/release/comp_profiler", "../../datasets/watch_gyroscope.npy", "buff-simd", "1000000", "1.1509"]
2022-09-30T16:31:04.667640-05:00 - original size:0
2022-09-30T16:31:04.667672-05:00 - compressed size:20
2022-09-30T16:31:07.620641-05:00 - input args["target/release/comp_profiler", "../../datasets/watch_accelerometer.npy", "buff-simd", "1000000", "1.1509"]
2022-09-30T16:31:07.840863-05:00 - original size:0
2022-09-30T16:31:07.840899-05:00 - compressed size:20
2022-09-30T16:31:13.972940-05:00 - input args["target/release/comp_profiler", "../../datasets/phones_accelerometer.npy", "buff-simd", "1000000", "1.1509"]
2022-09-30T16:31:14.323028-05:00 - original size:0
2022-09-30T16:31:14.323066-05:00 - compressed size:20
2022-09-30T16:31:18.005007-05:00 - input args["target/release/comp_profiler", "../../datasets/bitcoin.npy", "buff-simd", "1000000", "1.1509"]
2022-09-30T16:31:18.104237-05:00 - original size:8
2022-09-30T16:31:18.104269-05:00 - compressed size:28
2022-09-30T16:31:23.793692-05:00 - input args["target/release/comp_profiler", "../../datasets/power.npy", "buff-simd", "1000000", "1.1509"]
2022-09-30T16:31:23.997933-05:00 - original size:0
2022-09-30T16:31:23.997973-05:00 - compressed size:20
2022-09-30T16:33:47.190599-05:00 - input args["target/release/comp_profiler", "../../datasets/sensor_ht.npy", "buff-simd", "100", "1.1509"]
2022-09-30T16:33:47.273190-05:00 - original size:16
2022-09-30T16:33:47.273224-05:00 - compressed size:22
2022-09-30T16:33:48.729425-05:00 - input args["target/release/comp_profiler", "../../datasets/phones_gyroscope.npy", "buff-simd", "100", "1.1509"]
2022-09-30T16:33:48.744337-05:00 - original size:0
2022-09-30T16:33:48.744404-05:00 - compressed size:20
2022-09-30T16:33:50.084491-05:00 - input args["target/release/comp_profiler", "../../datasets/watch_gyroscope.npy", "buff-simd", "100", "1.1509"]
2022-09-30T16:33:50.158607-05:00 - original size:0
2022-09-30T16:33:50.158639-05:00 - compressed size:20
2022-09-30T16:33:52.283465-05:00 - input args["target/release/comp_profiler", "../../datasets/watch_accelerometer.npy", "buff-simd", "100", "1.1509"]
2022-09-30T16:33:52.442077-05:00 - original size:0
2022-09-30T16:33:52.442111-05:00 - compressed size:20
2022-09-30T16:33:54.196262-05:00 - input args["target/release/comp_profiler", "../../datasets/phones_accelerometer.npy", "buff-simd", "100", "1.1509"]
2022-09-30T16:33:54.539124-05:00 - original size:0
2022-09-30T16:33:54.539159-05:00 - compressed size:20
2022-09-30T16:33:58.998099-05:00 - input args["target/release/comp_profiler", "../../datasets/bitcoin.npy", "buff-simd", "100", "1.1509"]
2022-09-30T16:33:59.101273-05:00 - original size:8
2022-09-30T16:33:59.101306-05:00 - compressed size:28
2022-09-30T16:34:03.606974-05:00 - input args["target/release/comp_profiler", "../../datasets/power.npy", "buff-simd", "100", "1.1509"]
2022-09-30T16:34:03.824362-05:00 - original size:0
2022-09-30T16:34:03.824556-05:00 - compressed size:20
2022-09-30T16:40:55.835046-05:00 - input args["target/release/comp_profiler", "sensor_ht.npy.csv", "buff-simd", "100", "1.1509"]
2022-09-30T16:40:55.929435-05:00 - original size:0
2022-09-30T16:40:55.929463-05:00 - compressed size:20
2022-09-30T16:40:57.159727-05:00 - input args["target/release/comp_profiler", "phones_gyroscope.npy.csv", "buff-simd", "100", "1.1509"]
2022-09-30T16:40:57.201191-05:00 - original size:0
2022-09-30T16:40:57.201218-05:00 - compressed size:20
2022-09-30T16:40:58.539414-05:00 - input args["target/release/comp_profiler", "watch_gyroscope.npy.csv", "buff-simd", "100", "1.1509"]
2022-09-30T16:40:58.579790-05:00 - original size:0
2022-09-30T16:40:58.579814-05:00 - compressed size:20
2022-09-30T16:41:00.150403-05:00 - input args["target/release/comp_profiler", "watch_accelerometer.npy.csv", "buff-simd", "100", "1.1509"]
2022-09-30T16:41:00.198502-05:00 - original size:0
2022-09-30T16:41:00.198535-05:00 - compressed size:20
2022-09-30T16:41:43.590930-05:00 - input args["target/release/comp_profiler", "sensor_ht.npy.csv", "buff-simd", "1000000", "1.1509"]
2022-09-30T16:41:43.934796-05:00 - original size:0
2022-09-30T16:41:43.934830-05:00 - compressed size:20
2022-09-30T16:41:48.254900-05:00 - input args["target/release/comp_profiler", "phones_gyroscope.npy.csv", "buff-simd", "1000000", "1.1509"]
2022-09-30T16:41:48.308940-05:00 - original size:0
2022-09-30T16:41:48.308975-05:00 - compressed size:20
2022-09-30T16:41:51.276802-05:00 - input args["target/release/comp_profiler", "watch_gyroscope.npy.csv", "buff-simd", "1000000", "1.1509"]
2022-09-30T16:41:51.335281-05:00 - original size:0
2022-09-30T16:41:51.335318-05:00 - compressed size:20
2022-09-30T16:41:53.196320-05:00 - input args["target/release/comp_profiler", "watch_accelerometer.npy.csv", "buff-simd", "1000000", "1.1509"]
2022-09-30T16:41:53.242799-05:00 - original size:0
2022-09-30T16:41:53.242828-05:00 - compressed size:20
2022-09-30T16:41:56.051016-05:00 - input args["target/release/comp_profiler", "phones_accelerometer.npy.csv", "buff-simd", "1000000", "1.1509"]
2022-09-30T16:41:56.097374-05:00 - original size:0
2022-09-30T16:41:56.097402-05:00 - compressed size:20
2022-09-30T16:42:00.812102-05:00 - input args["target/release/comp_profiler", "bitcoin.npy.csv", "buff-simd", "1000000", "1.1509"]
2022-09-30T16:42:01.063659-05:00 - original size:0
2022-09-30T16:42:01.063693-05:00 - compressed size:20
2022-09-30T16:42:07.430673-05:00 - input args["target/release/comp_profiler", "power.npy.csv", "buff-simd", "1000000", "1.1509"]
2022-09-30T16:42:07.559095-05:00 - original size:0
2022-09-30T16:42:07.559127-05:00 - compressed size:20
2022-09-30T16:43:35.587858-05:00 - input args["target/release/comp_profiler", "sensor_ht.npy.csv", "buff-simd", "1000000", "1.1509"]
2022-09-30T16:43:36.423400-05:00 - original size:46137344
2022-09-30T16:43:36.423442-05:00 - compressed size:21626900
2022-09-30T16:43:37.930648-05:00 - input args["target/release/comp_profiler", "phones_gyroscope.npy.csv", "buff-simd", "1000000", "1.1509"]
2022-09-30T16:43:38.083515-05:00 - original size:6291456
2022-09-30T16:43:38.083549-05:00 - compressed size:2457620
2022-09-30T16:43:39.673754-05:00 - input args["target/release/comp_profiler", "watch_gyroscope.npy.csv", "buff-simd", "1000000", "1.1509"]
2022-09-30T16:43:39.826886-05:00 - original size:6291456
2022-09-30T16:43:39.826921-05:00 - compressed size:2457620
2022-09-30T16:43:41.337963-05:00 - input args["target/release/comp_profiler", "watch_accelerometer.npy.csv", "buff-simd", "1000000", "1.1509"]
2022-09-30T16:43:41.493893-05:00 - original size:6291456
2022-09-30T16:43:41.493930-05:00 - compressed size:2654228
2022-09-30T16:43:43.499002-05:00 - input args["target/release/comp_profiler", "phones_accelerometer.npy.csv", "buff-simd", "1000000", "1.1509"]
2022-09-30T16:43:43.701175-05:00 - original size:6291456
2022-09-30T16:43:43.701208-05:00 - compressed size:2654228
2022-09-30T16:43:47.800810-05:00 - input args["target/release/comp_profiler", "bitcoin.npy.csv", "buff-simd", "1000000", "1.1509"]
2022-09-30T16:55:44.353949-05:00 - input args["target/release/comp_profiler", "sensor_ht.npy.csv", "buff-simd", "1000000", "1.1509"]
2022-09-30T16:55:45.012835-05:00 - original size:46137344
2022-09-30T16:55:45.012874-05:00 - compressed size:21626900
2022-09-30T16:55:47.217670-05:00 - input args["target/release/comp_profiler", "phones_gyroscope.npy.csv", "buff-simd", "1000000", "1.1509"]
2022-09-30T16:55:47.300878-05:00 - original size:6291456
2022-09-30T16:55:47.300927-05:00 - compressed size:2457620
2022-09-30T16:59:22.483886-05:00 - input args["target/release/comp_profiler", "sensor_ht.npy.csv", "buff-simd", "1000000", "1.1509"]
2022-09-30T16:59:23.006495-05:00 - original size:46137344
2022-09-30T16:59:23.006531-05:00 - compressed size:21626900
2022-09-30T16:59:24.205290-05:00 - input args["target/release/comp_profiler", "phones_gyroscope.npy.csv", "buff-simd", "1000000", "1.1509"]
2022-09-30T16:59:24.277086-05:00 - original size:6291456
2022-09-30T16:59:24.277131-05:00 - compressed size:2457620
2022-09-30T16:59:25.284751-05:00 - input args["target/release/comp_profiler", "watch_gyroscope.npy.csv", "buff-simd", "1000000", "1.1509"]
2022-09-30T16:59:25.358748-05:00 - original size:6291456
2022-09-30T16:59:25.358779-05:00 - compressed size:2457620
2022-09-30T16:59:26.606608-05:00 - input args["target/release/comp_profiler", "watch_accelerometer.npy.csv", "buff-simd", "1000000", "1.1509"]
2022-09-30T16:59:26.696265-05:00 - original size:6291456
2022-09-30T16:59:26.696298-05:00 - compressed size:2654228
2022-09-30T16:59:28.156119-05:00 - input args["target/release/comp_profiler", "phones_accelerometer.npy.csv", "buff-simd", "1000000", "1.1509"]
2022-09-30T16:59:28.233757-05:00 - original size:6291456
2022-09-30T16:59:28.233793-05:00 - compressed size:2654228
2022-09-30T16:59:30.970794-05:00 - input args["target/release/comp_profiler", "bitcoin.npy.csv", "buff-simd", "1000000", "1.1509"]
2022-09-30T17:04:56.494689-05:00 - input args["target/release/comp_profiler", "sensor_ht.npy.csv", "buff-simd", "1000000", "1.1509"]
2022-09-30T17:04:57.088467-05:00 - original size:46137344
2022-09-30T17:04:57.088510-05:00 - compressed size:21626900
2022-09-30T17:04:58.284723-05:00 - input args["target/release/comp_profiler", "phones_gyroscope.npy.csv", "buff-simd", "1000000", "1.1509"]
2022-09-30T17:04:58.364875-05:00 - original size:6291456
2022-09-30T17:04:58.364907-05:00 - compressed size:2457620
2022-09-30T17:04:59.527138-05:00 - input args["target/release/comp_profiler", "watch_gyroscope.npy.csv", "buff-simd", "1000000", "1.1509"]
2022-09-30T17:04:59.609090-05:00 - original size:6291456
2022-09-30T17:04:59.609126-05:00 - compressed size:2457620
2022-09-30T17:05:00.749446-05:00 - input args["target/release/comp_profiler", "watch_accelerometer.npy.csv", "buff-simd", "1000000", "1.1509"]
2022-09-30T17:05:00.825597-05:00 - original size:6291456
2022-09-30T17:05:00.825630-05:00 - compressed size:2654228
2022-09-30T17:05:02.447246-05:00 - input args["target/release/comp_profiler", "phones_accelerometer.npy.csv", "buff-simd", "1000000", "1.1509"]
2022-09-30T17:05:02.535428-05:00 - original size:6291456
2022-09-30T17:05:02.535465-05:00 - compressed size:2654228
2022-09-30T17:05:11.603516-05:00 - input args["target/release/comp_profiler", "bitcoin.npy.csv", "buff-simd", "1000000", "1.1509"]
2022-09-30T17:05:51.696316-05:00 - input args["target/release/comp_profiler", "sensor_ht.npy.csv", "buff-simd", "1000000", "1.1509"]
2022-09-30T17:05:52.266224-05:00 - original size:46137344
2022-09-30T17:05:52.266256-05:00 - compressed size:21626900
2022-09-30T17:07:46.806330-05:00 - input args["target/release/comp_profiler", "sensor_ht.npy.csv", "buff-simd", "1000000", "1.1509"]
2022-09-30T17:07:47.404511-05:00 - original size:46137344
2022-09-30T17:07:47.404542-05:00 - compressed size:21626900
2022-09-30T17:07:49.394567-05:00 - input args["target/release/comp_profiler", "phones_gyroscope.npy.csv", "buff-simd", "1000000", "1.1509"]
2022-09-30T17:07:49.474052-05:00 - original size:6291456
2022-09-30T17:07:49.474096-05:00 - compressed size:2457620
2022-09-30T17:07:50.463878-05:00 - input args["target/release/comp_profiler", "watch_gyroscope.npy.csv", "buff-simd", "1000000", "1.1509"]
2022-09-30T17:07:50.545240-05:00 - original size:6291456
2022-09-30T17:07:50.545273-05:00 - compressed size:2457620
2022-09-30T17:08:42.439241-05:00 - input args["target/release/comp_profiler", "sensor_ht.npy.csv", "buff-simd", "1000000", "1.1509"]
2022-09-30T17:08:43.084240-05:00 - original size:46137344
2022-09-30T17:08:43.084278-05:00 - compressed size:21626900
2022-09-30T17:08:44.748908-05:00 - input args["target/release/comp_profiler", "phones_gyroscope.npy.csv", "buff-simd", "1000000", "1.1509"]
2022-09-30T17:08:44.977258-05:00 - original size:6291456
2022-09-30T17:08:44.977291-05:00 - compressed size:2457620
2022-09-30T17:08:46.726061-05:00 - input args["target/release/comp_profiler", "watch_gyroscope.npy.csv", "buff-simd", "1000000", "1.1509"]
2022-09-30T17:08:46.803050-05:00 - original size:6291456
2022-09-30T17:08:46.803085-05:00 - compressed size:2457620
2022-09-30T17:08:49.265781-05:00 - input args["target/release/comp_profiler", "watch_accelerometer.npy.csv", "buff-simd", "1000000", "1.1509"]
2022-09-30T17:08:49.348975-05:00 - original size:6291456
2022-09-30T17:08:49.349012-05:00 - compressed size:2654228
2022-09-30T17:08:50.918284-05:00 - input args["target/release/comp_profiler", "phones_accelerometer.npy.csv", "buff-simd", "1000000", "1.1509"]
2022-09-30T17:08:50.995209-05:00 - original size:6291456
2022-09-30T17:08:50.995263-05:00 - compressed size:2654228
2022-09-30T17:09:29.310096-05:00 - input args["target/release/comp_profiler", "sensor_ht.npy.csv", "buff-simd", "1000000", "1.1509"]
2022-09-30T17:09:30.009923-05:00 - original size:46137344
2022-09-30T17:09:30.009959-05:00 - compressed size:21626900
2022-09-30T17:09:31.610787-05:00 - input args["target/release/comp_profiler", "phones_gyroscope.npy.csv", "buff-simd", "1000000", "1.1509"]
2022-09-30T17:09:31.689066-05:00 - original size:6291456
2022-09-30T17:09:31.689094-05:00 - compressed size:2457620
2022-09-30T17:09:32.948540-05:00 - input args["target/release/comp_profiler", "watch_gyroscope.npy.csv", "buff-simd", "1000000", "1.1509"]
2022-09-30T17:09:33.023830-05:00 - original size:6291456
2022-09-30T17:09:33.023861-05:00 - compressed size:2457620
2022-09-30T17:09:34.326572-05:00 - input args["target/release/comp_profiler", "watch_accelerometer.npy.csv", "buff-simd", "1000000", "1.1509"]
2022-09-30T17:09:34.400188-05:00 - original size:6291456
2022-09-30T17:09:34.400222-05:00 - compressed size:2654228
2022-09-30T17:09:36.132617-05:00 - input args["target/release/comp_profiler", "phones_accelerometer.npy.csv", "buff-simd", "1000000", "1.1509"]
2022-09-30T17:09:36.222890-05:00 - original size:6291456
2022-09-30T17:09:36.222927-05:00 - compressed size:2654228
2022-09-30T17:09:38.925527-05:00 - input args["target/release/comp_profiler", "bitcoin.npy.csv", "buff-simd", "1000000", "1.1509"]
2022-09-30T17:12:30.744102-05:00 - input args["target/release/comp_profiler", "sensor_ht.npy.csv", "buff-simd", "1000000", "1.1509"]
2022-09-30T17:12:31.454269-05:00 - original size:46137344
2022-09-30T17:12:31.454323-05:00 - compressed size:21626900
2022-09-30T17:12:33.670763-05:00 - input args["target/release/comp_profiler", "phones_gyroscope.npy.csv", "buff-simd", "1000000", "1.1509"]
2022-09-30T17:12:33.794643-05:00 - original size:6291456
2022-09-30T17:12:33.794681-05:00 - compressed size:2457620
2022-09-30T17:12:35.621498-05:00 - input args["target/release/comp_profiler", "watch_gyroscope.npy.csv", "buff-simd", "1000000", "1.1509"]
2022-09-30T17:12:35.707416-05:00 - original size:6291456
2022-09-30T17:12:35.707453-05:00 - compressed size:2457620
2022-09-30T17:12:37.170563-05:00 - input args["target/release/comp_profiler", "watch_accelerometer.npy.csv", "buff-simd", "1000000", "1.1509"]
2022-09-30T17:12:37.254710-05:00 - original size:6291456
2022-09-30T17:12:37.254743-05:00 - compressed size:2654228
2022-09-30T17:12:38.799943-05:00 - input args["target/release/comp_profiler", "phones_accelerometer.npy.csv", "buff-simd", "1000000", "1.1509"]
2022-09-30T17:12:38.882888-05:00 - original size:6291456
2022-09-30T17:12:38.882923-05:00 - compressed size:2654228
2022-09-30T17:12:41.689509-05:00 - input args["target/release/comp_profiler", "bitcoin.npy.csv", "buff-simd", "1000000", "1.1509"]
2022-09-30T17:14:55.058576-05:00 - input args["target/release/comp_profiler", "sensor_ht.npy.csv", "buff-simd", "1000000", "1.1509"]
2022-09-30T17:14:55.631651-05:00 - original size:46137344
2022-09-30T17:14:55.631689-05:00 - compressed size:21626900
2022-09-30T17:14:56.997407-05:00 - input args["target/release/comp_profiler", "phones_gyroscope.npy.csv", "buff-simd", "1000000", "1.1509"]
2022-09-30T17:14:57.079208-05:00 - original size:6291456
2022-09-30T17:14:57.079238-05:00 - compressed size:2457620
2022-09-30T17:14:58.117443-05:00 - input args["target/release/comp_profiler", "watch_gyroscope.npy.csv", "buff-simd", "1000000", "1.1509"]
2022-09-30T17:14:58.200282-05:00 - original size:6291456
2022-09-30T17:14:58.200317-05:00 - compressed size:2457620
2022-09-30T17:14:59.392989-05:00 - input args["target/release/comp_profiler", "watch_accelerometer.npy.csv", "buff-simd", "1000000", "1.1509"]
2022-09-30T17:14:59.477666-05:00 - original size:6291456
2022-09-30T17:14:59.477708-05:00 - compressed size:2654228
2022-09-30T17:15:01.241315-05:00 - input args["target/release/comp_profiler", "phones_accelerometer.npy.csv", "buff-simd", "1000000", "1.1509"]
2022-09-30T17:15:01.320077-05:00 - original size:6291456
2022-09-30T17:15:01.320111-05:00 - compressed size:2654228
2022-09-30T17:15:03.939815-05:00 - input args["target/release/comp_profiler", "bitcoin.npy.csv", "buff-simd", "1000000", "1.1509"]
2022-09-30T17:15:06.317931-05:00 - input args["target/release/comp_profiler", "power.npy.csv", "buff-simd", "1000000", "1.1509"]
2022-09-30T17:15:06.749341-05:00 - original size:29360128
2022-09-30T17:15:06.749380-05:00 - compressed size:13303828
2022-09-30T17:33:58.072491-05:00 - input args["target/release/comp_profiler", "sensor_ht.npy.csv", "buff-simd", "1000000", "1.1509"]
2022-09-30T17:33:58.706533-05:00 - original size:46137344
2022-09-30T17:33:58.706562-05:00 - compressed size:21626900
2022-09-30T17:34:00.253194-05:00 - input args["target/release/comp_profiler", "phones_gyroscope.npy.csv", "buff-simd", "1000000", "1.1509"]
2022-09-30T17:34:00.328230-05:00 - original size:6291456
2022-09-30T17:34:00.328268-05:00 - compressed size:2457620
2022-09-30T17:34:01.501750-05:00 - input args["target/release/comp_profiler", "watch_gyroscope.npy.csv", "buff-simd", "1000000", "1.1509"]
2022-09-30T17:34:01.594547-05:00 - original size:6291456
2022-09-30T17:34:01.594580-05:00 - compressed size:2457620
2022-09-30T17:34:03.001711-05:00 - input args["target/release/comp_profiler", "watch_accelerometer.npy.csv", "buff-simd", "1000000", "1.1509"]
2022-09-30T17:34:03.085127-05:00 - original size:6291456
2022-09-30T17:34:03.085178-05:00 - compressed size:2654228
2022-09-30T17:34:04.799367-05:00 - input args["target/release/comp_profiler", "phones_accelerometer.npy.csv", "buff-simd", "1000000", "1.1509"]
2022-09-30T17:34:04.874776-05:00 - original size:6291456
2022-09-30T17:34:04.874813-05:00 - compressed size:2654228
2022-09-30T17:34:07.733894-05:00 - input args["target/release/comp_profiler", "bitcoin.npy.csv", "buff-simd", "1000000", "1.1509"]
2022-09-30T17:34:10.887332-05:00 - input args["target/release/comp_profiler", "power.npy.csv", "buff-simd", "1000000", "1.1509"]
2022-09-30T17:34:11.318517-05:00 - original size:29360128
2022-09-30T17:34:11.318553-05:00 - compressed size:13303828
2022-09-30T17:38:23.335732-05:00 - input args["target/release/comp_profiler", "sensor_ht.npy.csv", "buff-simd", "1000000", "1.1509"]
2022-09-30T17:38:23.863602-05:00 - original size:50331648
2022-09-30T17:38:23.863635-05:00 - compressed size:31457300
2022-09-30T17:38:27.505079-05:00 - input args["target/release/comp_profiler", "phones_gyroscope.npy.csv", "buff-simd", "1000000", "1.1509"]
2022-09-30T17:38:27.603886-05:00 - original size:8388608
2022-09-30T17:38:27.603919-05:00 - compressed size:5242900
2022-09-30T17:38:33.777408-05:00 - input args["target/release/comp_profiler", "watch_gyroscope.npy.csv", "buff-simd", "1000000", "1.1509"]
2022-09-30T17:38:33.948447-05:00 - original size:8388608
2022-09-30T17:38:33.948491-05:00 - compressed size:5242900
2022-09-30T17:38:48.623898-05:00 - input args["target/release/comp_profiler", "watch_accelerometer.npy.csv", "buff-simd", "1000000", "1.1509"]
2022-09-30T17:38:48.737905-05:00 - original size:8388608
2022-09-30T17:38:48.737943-05:00 - compressed size:5242900
2022-09-30T17:38:55.138715-05:00 - input args["target/release/comp_profiler", "phones_accelerometer.npy.csv", "buff-simd", "1000000", "1.1509"]
2022-09-30T17:38:55.339951-05:00 - original size:8388608
2022-09-30T17:38:55.339990-05:00 - compressed size:5242900
2022-09-30T17:39:16.816274-05:00 - input args["target/release/comp_profiler", "bitcoin.npy.csv", "buff-simd", "1000000", "1.1509"]
2022-09-30T17:39:27.510948-05:00 - input args["target/release/comp_profiler", "power.npy.csv", "buff-simd", "1000000", "1.1509"]
2022-09-30T17:39:27.887834-05:00 - original size:33554432
2022-09-30T17:39:27.887871-05:00 - compressed size:20971540
2022-09-30T17:42:24.139561-05:00 - input args["target/release/comp_profiler", "sensor_ht.npy.csv", "buff-simd", "1000000", "1.1509"]
2022-09-30T17:42:25.171995-05:00 - original size:46137344
2022-09-30T17:42:25.172058-05:00 - compressed size:21626900
2022-09-30T17:42:32.284492-05:00 - input args["target/release/comp_profiler", "phones_gyroscope.npy.csv", "buff-simd", "1000000", "1.1509"]
2022-09-30T17:42:32.376310-05:00 - original size:6291456
2022-09-30T17:42:32.376348-05:00 - compressed size:2457620
2022-09-30T17:42:38.811688-05:00 - input args["target/release/comp_profiler", "watch_gyroscope.npy.csv", "buff-simd", "1000000", "1.1509"]
2022-09-30T17:42:38.960986-05:00 - original size:6291456
2022-09-30T17:42:38.961024-05:00 - compressed size:2457620
2022-09-30T17:42:49.016339-05:00 - input args["target/release/comp_profiler", "watch_accelerometer.npy.csv", "buff-simd", "1000000", "1.1509"]
2022-09-30T17:42:49.142478-05:00 - original size:6291456
2022-09-30T17:42:49.142531-05:00 - compressed size:2654228
2022-09-30T17:42:55.439030-05:00 - input args["target/release/comp_profiler", "phones_accelerometer.npy.csv", "buff-simd", "1000000", "1.1509"]
2022-09-30T17:42:55.542387-05:00 - original size:6291456
2022-09-30T17:42:55.542432-05:00 - compressed size:2654228
2022-09-30T17:43:36.183596-05:00 - input args["target/release/comp_profiler", "bitcoin.npy.csv", "buff-simd", "1000000", "1.1509"]
2022-09-30T17:43:54.600628-05:00 - input args["target/release/comp_profiler", "power.npy.csv", "buff-simd", "1000000", "1.1509"]
2022-09-30T17:43:54.949516-05:00 - original size:29360128
2022-09-30T17:43:54.949554-05:00 - compressed size:13303828
2022-09-30T17:51:37.723618-05:00 - input args["target/release/comp_profiler", "sensor_ht.npy.csv", "buff-simd", "1000000", "1.1509"]
2022-09-30T17:51:38.272513-05:00 - original size:46137344
2022-09-30T17:51:38.272547-05:00 - compressed size:21626900
2022-09-30T17:51:39.665654-05:00 - input args["target/release/comp_profiler", "phones_gyroscope.npy.csv", "buff-simd", "1000000", "1.1509"]
2022-09-30T17:51:39.743304-05:00 - original size:6291456
2022-09-30T17:51:39.743338-05:00 - compressed size:2457620
2022-09-30T17:51:44.166106-05:00 - input args["target/release/comp_profiler", "watch_gyroscope.npy.csv", "buff-simd", "1000000", "1.1509"]
2022-09-30T17:51:44.250997-05:00 - original size:6291456
2022-09-30T17:51:44.251041-05:00 - compressed size:2457620
2022-09-30T17:51:46.038936-05:00 - input args["target/release/comp_profiler", "watch_accelerometer.npy.csv", "buff-simd", "1000000", "1.1509"]
2022-09-30T17:51:46.125091-05:00 - original size:6291456
2022-09-30T17:51:46.125129-05:00 - compressed size:2654228
2022-09-30T17:51:47.654336-05:00 - input args["target/release/comp_profiler", "phones_accelerometer.npy.csv", "buff-simd", "1000000", "1.1509"]
2022-09-30T17:51:47.738981-05:00 - original size:6291456
2022-09-30T17:51:47.739019-05:00 - compressed size:2654228
2022-09-30T17:51:57.729662-05:00 - input args["target/release/comp_profiler", "bitcoin.npy.csv", "buff-simd", "1000000", "1.1509"]
2022-09-30T17:52:01.315386-05:00 - input args["target/release/comp_profiler", "power.npy.csv", "buff-simd", "1000000", "1.1509"]
2022-09-30T17:52:01.925381-05:00 - original size:29360128
2022-09-30T17:52:01.925659-05:00 - compressed size:13303828
